<?xml version="1.0" encoding="UTF-8"?>
<testsuite name="nl.bioinf.ishofstede.RestrictionEnzymeCutterApplicationTests" tests="1" skipped="0" failures="0" errors="0" timestamp="2026-04-22T16:25:53.731Z" hostname="ISHOFSTEDE" time="2.798">
  <properties/>
  <testcase name="contextLoads()" classname="nl.bioinf.ishofstede.RestrictionEnzymeCutterApplicationTests" time="0.652"/>
  <system-out><![CDATA[18:25:53.963 [Test worker] INFO org.springframework.test.context.support.AnnotationConfigContextLoaderUtils -- Could not detect default configuration classes for test class [nl.bioinf.ishofstede.RestrictionEnzymeCutterApplicationTests]: RestrictionEnzymeCutterApplicationTests does not declare any static, non-private, non-final, nested classes annotated with @Configuration.
18:25:54.080 [Test worker] INFO org.springframework.boot.test.context.SpringBootTestContextBootstrapper -- Found @SpringBootConfiguration nl.bioinf.ishofstede.RestrictionEnzymeCutterApplication for test class nl.bioinf.ishofstede.RestrictionEnzymeCutterApplicationTests
18:25:54.190 [Test worker] INFO org.springframework.test.context.support.AnnotationConfigContextLoaderUtils -- Could not detect default configuration classes for test class [nl.bioinf.ishofstede.RestrictionEnzymeCutterApplicationTests]: RestrictionEnzymeCutterApplicationTests does not declare any static, non-private, non-final, nested classes annotated with @Configuration.
18:25:54.192 [Test worker] INFO org.springframework.boot.test.context.SpringBootTestContextBootstrapper -- Found @SpringBootConfiguration nl.bioinf.ishofstede.RestrictionEnzymeCutterApplication for test class nl.bioinf.ishofstede.RestrictionEnzymeCutterApplicationTests

  .   ____          _            __ _ _
 /\\ / ___'_ __ _ _(_)_ __  __ _ \ \ \ \
( ( )\___ | '_ | '_| | '_ \/ _` | \ \ \ \
 \\/  ___)| |_)| | | | | || (_| |  ) ) ) )
  '  |____| .__|_| |_|_| |_\__, | / / / /
 =========|_|==============|___/=/_/_/_/

 :: Spring Boot ::                (v4.0.5)

2026-04-22T18:25:54.596+02:00  INFO 28600 --- [restriction_enzyme_cutter] [    Test worker] .RestrictionEnzymeCutterApplicationTests : Starting RestrictionEnzymeCutterApplicationTests using Java 17.0.16 with PID 28600 (started by isabe in C:\Users\isabe\Documents\Hanze\jaar_2025_2026\java\restriction_enzyme_cutter)
2026-04-22T18:25:54.602+02:00  INFO 28600 --- [restriction_enzyme_cutter] [    Test worker] .RestrictionEnzymeCutterApplicationTests : No active profile set, falling back to 1 default profile: "default"
2026-04-22T18:25:55.865+02:00  INFO 28600 --- [restriction_enzyme_cutter] [    Test worker] .RestrictionEnzymeCutterApplicationTests : Started RestrictionEnzymeCutterApplicationTests in 1.601 seconds (process running for 3.087)
]]></system-out>
  <system-err><![CDATA[]]></system-err>
</testsuite>
